[debug] [2022-03-06T15:31:59.639Z] ----------------------------------------------------------------------
[debug] [2022-03-06T15:31:59.641Z] Command:       C:\Program Files\nodejs\node.exe C:\Users\Max\AppData\Roaming\npm\node_modules\firebase-tools\lib\bin\firebase.js init
[debug] [2022-03-06T15:31:59.641Z] CLI Version:   10.2.2
[debug] [2022-03-06T15:31:59.641Z] Platform:      win32
[debug] [2022-03-06T15:31:59.641Z] Node Version:  v16.13.0
[debug] [2022-03-06T15:31:59.643Z] Time:          Sun Mar 06 2022 15:31:59 GMT+0000 (Coordinated Universal Time)
[debug] [2022-03-06T15:31:59.643Z] ----------------------------------------------------------------------
[debug] 
[debug] [2022-03-06T15:31:59.706Z] > command requires scopes: ["email","openid","https://www.googleapis.com/auth/cloudplatformprojects.readonly","https://www.googleapis.com/auth/firebase","https://www.googleapis.com/auth/cloud-platform"]
[debug] [2022-03-06T15:31:59.706Z] > authorizing via signed-in user (agyeimaxwell54@gmail.com)
[info] 
     ######## #### ########  ######## ########     ###     ######  ########
     ##        ##  ##     ## ##       ##     ##  ##   ##  ##       ##
     ######    ##  ########  ######   ########  #########  ######  ######
     ##        ##  ##    ##  ##       ##     ## ##     ##       ## ##
     ##       #### ##     ## ######## ########  ##     ##  ######  ########

You're about to initialize a Firebase project in this directory:

  C:\Users\Max\amazon-clone

Before we get started, keep in mind:

  * You are initializing within an existing Firebase project directory

[info] 
=== Project Setup
[info] 
[info] First, let's associate this project directory with a Firebase project.
[info] You can create multiple project aliases by running firebase use --add, 
[info] but for now we'll just set up a default project.
[info] 
[debug] [2022-03-06T15:32:17.257Z] Using project from CLI flag: clone-22647
[debug] [2022-03-06T15:32:17.260Z] >>> [apiv2][query] GET https://firebase.googleapis.com/v1beta1/projects/clone-22647 [none]
[debug] [2022-03-06T15:32:17.279Z] Failed to make request to https://firebase.googleapis.com/v1beta1/projects/clone-22647
[debug] [2022-03-06T15:32:17.284Z] FirebaseError: Failed to make request to https://firebase.googleapis.com/v1beta1/projects/clone-22647
    at RetryOperation._fn (C:\Users\Max\AppData\Roaming\npm\node_modules\firebase-tools\lib\apiv2.js:240:31)
    at processTicksAndRejections (node:internal/process/task_queues:96:5)
[error] 
[error] Error: Failed to get Firebase project clone-22647. Please make sure the project exists and your account has permission to access it.
[debug] [2022-03-06T15:32:34.321Z] ----------------------------------------------------------------------
[debug] [2022-03-06T15:32:34.323Z] Command:       C:\Program Files\nodejs\node.exe C:\Users\Max\AppData\Roaming\npm\node_modules\firebase-tools\lib\bin\firebase.js init
[debug] [2022-03-06T15:32:34.323Z] CLI Version:   10.2.2
[debug] [2022-03-06T15:32:34.323Z] Platform:      win32
[debug] [2022-03-06T15:32:34.323Z] Node Version:  v16.13.0
[debug] [2022-03-06T15:32:34.324Z] Time:          Sun Mar 06 2022 15:32:34 GMT+0000 (Coordinated Universal Time)
[debug] [2022-03-06T15:32:34.324Z] ----------------------------------------------------------------------
[debug] 
[debug] [2022-03-06T15:32:34.407Z] > command requires scopes: ["email","openid","https://www.googleapis.com/auth/cloudplatformprojects.readonly","https://www.googleapis.com/auth/firebase","https://www.googleapis.com/auth/cloud-platform"]
[debug] [2022-03-06T15:32:34.407Z] > authorizing via signed-in user (agyeimaxwell54@gmail.com)
[info] 
     ######## #### ########  ######## ########     ###     ######  ########
     ##        ##  ##     ## ##       ##     ##  ##   ##  ##       ##
     ######    ##  ########  ######   ########  #########  ######  ######
     ##        ##  ##    ##  ##       ##     ## ##     ##       ## ##
     ##       #### ##     ## ######## ########  ##     ##  ######  ########

You're about to initialize a Firebase project in this directory:

  C:\Users\Max\amazon-clone

Before we get started, keep in mind:

  * You are initializing within an existing Firebase project directory

[info] 
=== Project Setup
[info] 
[info] First, let's associate this project directory with a Firebase project.
[info] You can create multiple project aliases by running firebase use --add, 
[info] but for now we'll just set up a default project.
[info] 
[debug] [2022-03-06T15:32:46.887Z] Using project from CLI flag: clone-22647
[debug] [2022-03-06T15:32:46.889Z] >>> [apiv2][query] GET https://firebase.googleapis.com/v1beta1/projects/clone-22647 [none]
[debug] [2022-03-06T15:32:47.512Z] <<< [apiv2][status] GET https://firebase.googleapis.com/v1beta1/projects/clone-22647 200
[debug] [2022-03-06T15:32:47.512Z] <<< [apiv2][body] GET https://firebase.googleapis.com/v1beta1/projects/clone-22647 {"projectId":"clone-22647","projectNumber":"307652290890","displayName":"amazon-clone","name":"projects/clone-22647","resources":{"hostingSite":"clone-22647","realtimeDatabaseInstance":"clone-22647-default-rtdb"},"state":"ACTIVE"}
[info] i  Using project clone-22647 (amazon-clone) 
[info] 
=== Hosting Setup
[info] 
[info] Your public directory is the folder (relative to your project directory) that
[info] will contain Hosting assets to be uploaded with firebase deploy. If you
[info] have a build process for your assets, use your build's output directory.
[info] 
